<?xml version="1.0" encoding="utf-8"?><testsuites name="pytest tests"><testsuite name="pytest" errors="0" failures="0" skipped="0" tests="16" time="3.343" timestamp="2026-04-24T20:43:13.103549+00:00" hostname="agent-env-c465b50d-354b-4ad9-a088-bb68a832bae5"><testcase classname="backend.tests.test_yielddesk_api.TestRoot" name="test_root" time="0.294" /><testcase classname="backend.tests.test_yielddesk_api.TestYieldCurve" name="test_yield_curve_structure" time="1.571" /><testcase classname="backend.tests.test_yielddesk_api.TestBonds" name="test_default_pagination" time="0.065" /><testcase classname="backend.tests.test_yielddesk_api.TestBonds" name="test_page_2" time="0.059" /><testcase classname="backend.tests.test_yielddesk_api.TestBonds" name="test_page_3" time="0.059" /><testcase classname="backend.tests.test_yielddesk_api.TestBonds" name="test_sort_yield_desc" time="0.059" /><testcase classname="backend.tests.test_yielddesk_api.TestBonds" name="test_sort_name_asc" time="0.059" /><testcase classname="backend.tests.test_yielddesk_api.TestBonds" name="test_filter_min_yield" time="0.060" /><testcase classname="backend.tests.test_yielddesk_api.TestBonds" name="test_filter_max_yield" time="0.060" /><testcase classname="backend.tests.test_yielddesk_api.TestBonds" name="test_filter_rating" time="0.064" /><testcase classname="backend.tests.test_yielddesk_api.TestBonds" name="test_filter_multi_rating" time="0.061" /><testcase classname="backend.tests.test_yielddesk_api.TestBonds" name="test_filter_bond_type" time="0.065" /><testcase classname="backend.tests.test_yielddesk_api.TestBonds" name="test_filter_maturity_before" time="0.064" /><testcase classname="backend.tests.test_yielddesk_api.TestBonds" name="test_combined_filters" time="0.074" /><testcase classname="backend.tests.test_yielddesk_api.TestExport" name="test_export_csv" time="0.069" /><testcase classname="backend.tests.test_yielddesk_api.TestExport" name="test_export_filtered" time="0.058" /></testsuite></testsuites>